  Updated IDENTITY.md (current Version: 0.6.2)
📦 Migrating session files from C:\Users\user\.marubot\sessions to SQLite...
2026/03/26 12:44:40 GPIO Monitoring Service started
2026/03/26 12:44:40 GPIO Service: Pin button_action (23) not found
2026/03/26 12:44:40 [2026-03-26T03:44:40Z] [INFO] channels: Initializing channel manager
2026/03/26 12:44:41 [2026-03-26T03:44:41Z] [INFO] channels: Telegram channel enabled successfully
2026/03/26 12:44:41 [2026-03-26T03:44:41Z] [INFO] channels: Slack channel enabled successfully
2026/03/26 12:44:41 [2026-03-26T03:44:41Z] [INFO] channels: Webhook channel enabled successfully
2026/03/26 12:44:41 [2026-03-26T03:44:41Z] [INFO] channels: Channel initialization completed {enabled_channels=3}
✓ Channels enabled: [telegram slack webhook]
✓ Gateway started on 0.0.0.0:8080
Press Ctrl+C to stop
✓ Cron service started
✓ Heartbeat service started
2026/03/26 12:44:41 [2026-03-26T03:44:41Z] [INFO] channels: Starting all channels
2026/03/26 12:44:41 [2026-03-26T03:44:41Z] [INFO] channels: Starting channel {channel=telegram}
2026/03/26 12:44:41 Starting Telegram bot (polling mode)...
2026/03/26 12:44:41 [2026-03-26T03:44:41Z] [INFO] channels: Outbound dispatcher started
2026/03/26 12:44:41 Telegram bot @marubot_testbot connected
2026/03/26 12:44:41 [2026-03-26T03:44:41Z] [INFO] channels: Starting channel {channel=slack}
2026/03/26 12:44:41 [2026-03-26T03:44:41Z] [INFO] slack: Starting Slack channel (Socket Mode)...
2026/03/26 12:44:41 [2026-03-26T03:44:41Z] [INFO] channels: Starting channel {channel=webhook}
2026/03/26 12:44:41 Webhook channel listening on :18791/api/channels/webhook
2026/03/26 12:44:41 [2026-03-26T03:44:41Z] [INFO] channels: All channels started
2026/03/26 12:44:41 [2026-03-26T03:44:41Z] [INFO] agent: Agent loop started successfully
2026/03/26 12:44:43 [2026-03-26T03:44:43Z] [INFO] slack: Slack Socket Mode connected successfully
2026/03/26 13:07:28 Conflict: terminated by other getUpdates request; make sure that only one bot instance is running
2026/03/26 13:07:28 Failed to get updates, retrying in 3 seconds...
2026/03/26 13:07:35 Conflict: terminated by other getUpdates request; make sure that only one bot instance is running
2026/03/26 13:07:35 Failed to get updates, retrying in 3 seconds...
2026/03/26 13:07:41 Conflict: terminated by other getUpdates request; make sure that only one bot instance is running
2026/03/26 13:07:41 Failed to get updates, retrying in 3 seconds...
2026/03/26 13:07:48 Conflict: terminated by other getUpdates request; make sure that only one bot instance is running
2026/03/26 13:07:48 Failed to get updates, retrying in 3 seconds...
2026/03/26 13:07:54 Conflict: terminated by other getUpdates request; make sure that only one bot instance is running
2026/03/26 13:07:54 Failed to get updates, retrying in 3 seconds...
2026/03/26 13:08:01 Conflict: terminated by other getUpdates request; make sure that only one bot instance is running
2026/03/26 13:08:01 Failed to get updates, retrying in 3 seconds...
2026/03/26 13:08:08 Conflict: terminated by other getUpdates request; make sure that only one bot instance is running
2026/03/26 13:08:08 Failed to get updates, retrying in 3 seconds...
2026/03/26 13:08:14 Conflict: terminated by other getUpdates request; make sure that only one bot instance is running
2026/03/26 13:08:14 Failed to get updates, retrying in 3 seconds...
2026/03/26 13:08:21 Conflict: terminated by other getUpdates request; make sure that only one bot instance is running
2026/03/26 13:08:21 Failed to get updates, retrying in 3 seconds...
2026/03/26 13:08:27 Conflict: terminated by other getUpdates request; make sure that only one bot instance is running
2026/03/26 13:08:27 Failed to get updates, retrying in 3 seconds...
2026/03/26 13:08:34 Conflict: terminated by other getUpdates request; make sure that only one bot instance is running
2026/03/26 13:08:34 Failed to get updates, retrying in 3 seconds...
2026/03/26 13:08:40 Conflict: terminated by other getUpdates request; make sure that only one bot instance is running
2026/03/26 13:08:40 Failed to get updates, retrying in 3 seconds...
2026/03/26 13:08:47 Conflict: terminated by other getUpdates request; make sure that only one bot instance is running
2026/03/26 13:08:47 Failed to get updates, retrying in 3 seconds...
2026/03/26 13:08:53 Conflict: terminated by other getUpdates request; make sure that only one bot instance is running
2026/03/26 13:08:53 Failed to get updates, retrying in 3 seconds...
2026/03/26 13:09:00 Conflict: terminated by other getUpdates request; make sure that only one bot instance is running
2026/03/26 13:09:00 Failed to get updates, retrying in 3 seconds...
