
> web-admin@0.3.0 build
> tsc && vite build

[36mvite v5.4.21 [32mbuilding for production...[36m[39m
transforming...
[32m✓[39m 4 modules transformed.
[31mx[39m Build failed in 244ms
[31merror during build:
[31m[vite:css] [postcss] Cannot find module 'tailwindcss-animate'
Require stack:
- Z:\work\0.project\0.ai\maruminibot\web-admin\tailwind.config.cjs[31m
file: [36mZ:/work/0.project/0.ai/maruminibot/web-admin/src/index.css:undefined:NaN[31m
    at Function._resolveFilename (node:internal/modules/cjs/loader:1401:15)
    at Function.resolve (node:internal/modules/helpers:145:19)
    at _resolve (Z:\work\0.project\0.ai\maruminibot\web-admin\node_modules\tailwindcss\node_modules\jiti\dist\jiti.js:1:246378)
    at jiti (Z:\work\0.project\0.ai\maruminibot\web-admin\node_modules\tailwindcss\node_modules\jiti\dist\jiti.js:1:249092)
    at Z:\work\0.project\0.ai\maruminibot\web-admin\tailwind.config.cjs:76:13
    at evalModule (Z:\work\0.project\0.ai\maruminibot\web-admin\node_modules\tailwindcss\node_modules\jiti\dist\jiti.js:1:251913)
    at jiti (Z:\work\0.project\0.ai\maruminibot\web-admin\node_modules\tailwindcss\node_modules\jiti\dist\jiti.js:1:249841)
    at Z:\work\0.project\0.ai\maruminibot\web-admin\node_modules\tailwindcss\lib\lib\load-config.js:53:30
    at loadConfig (Z:\work\0.project\0.ai\maruminibot\web-admin\node_modules\tailwindcss\lib\lib\load-config.js:55:6)
    at getTailwindConfig (Z:\work\0.project\0.ai\maruminibot\web-admin\node_modules\tailwindcss\lib\lib\setupTrackingContext.js:74:116)[39m
